# JRE version: OpenJDK Runtime Environment Temurin-17.0.13+11 (17.0.13+11) (build 17.0.13+11)
# Java VM: OpenJDK 64-Bit Server VM Temurin-17.0.13+11 (17.0.13+11, mixed mode, tiered, compressed oops, compressed class ptrs, g1 gc, windows-amd64)
GC Precious Log:
 CPUs: 4 total, 4 available
 Memory: 3879M
 Large Page Support: Disabled
 NUMA Support: Disabled
 Compressed Oops: Enabled (32-bit)
 Heap Region Size: 1M
 Heap Min Capacity: 8M
 Heap Initial Capacity: 62M
 Heap Max Capacity: 970M
 Pre-touch: Disabled
 Parallel Workers: 4
 Concurrent Workers: 1
 Concurrent Refinement Workers: 4
 Periodic GC: Disabled
Heap:
 garbage-first heap   total 84992K, used 38196K [0x00000000c3600000, 0x0000000100000000)
  region size 1024K, 12 young (12288K), 0 survivors (0K)
 Metaspace       used 79216K, committed 79808K, reserved 1179648K
  class space    used 10408K, committed 10688K, reserved 1048576K
GC Heap History (20 events):
Event: 568.380 GC heap before
{Heap before GC invocations=48 (full 1):
 garbage-first heap   total 66560K, used 41619K [0x00000000c3600000, 0x0000000100000000)
  region size 1024K, 10 young (10240K), 2 survivors (2048K)
 Metaspace       used 77605K, committed 78208K, reserved 1179648K
  class space    used 10341K, committed 10624K, reserved 1048576K
}
Event: 570.885 GC heap after
{Heap after GC invocations=49 (full 2):
 garbage-first heap   total 66560K, used 26436K [0x00000000c3600000, 0x0000000100000000)
  region size 1024K, 0 young (0K), 0 survivors (0K)
 Metaspace       used 77595K, committed 78208K, reserved 1179648K
  class space    used 10339K, committed 10624K, reserved 1048576K
}
Event: 646.305 GC heap before
{Heap before GC invocations=49 (full 2):
 garbage-first heap   total 66560K, used 51012K [0x00000000c3600000, 0x0000000100000000)
  region size 1024K, 24 young (24576K), 0 survivors (0K)
 Metaspace       used 77744K, committed 78272K, reserved 1179648K
  class space    used 10347K, committed 10624K, reserved 1048576K
}
Event: 646.342 GC heap after
{Heap after GC invocations=50 (full 2):
 garbage-first heap   total 66560K, used 28788K [0x00000000c3600000, 0x0000000100000000)
  region size 1024K, 3 young (3072K), 3 survivors (3072K)
 Metaspace       used 77744K, committed 78272K, reserved 1179648K
  class space    used 10347K, committed 10624K, reserved 1048576K
}
Event: 660.248 GC heap before
{Heap before GC invocations=50 (full 2):
 garbage-first heap   total 66560K, used 50292K [0x00000000c3600000, 0x0000000100000000)
  region size 1024K, 24 young (24576K), 3 survivors (3072K)
 Metaspace       used 77893K, committed 78464K, reserved 1179648K
  class space    used 10349K, committed 10624K, reserved 1048576K
}
Event: 660.317 GC heap after
{Heap after GC invocations=51 (full 2):
 garbage-first heap   total 66560K, used 30656K [0x00000000c3600000, 0x0000000100000000)
  region size 1024K, 3 young (3072K), 3 survivors (3072K)
 Metaspace       used 77893K, committed 78464K, reserved 1179648K
  class space    used 10349K, committed 10624K, reserved 1048576K
}
Event: 668.696 GC heap before
{Heap before GC invocations=51 (full 2):
 garbage-first heap   total 66560K, used 49088K [0x00000000c3600000, 0x0000000100000000)
  region size 1024K, 22 young (22528K), 3 survivors (3072K)
 Metaspace       used 78363K, committed 78912K, reserved 1179648K
  class space    used 10368K, committed 10624K, reserved 1048576K
}
Event: 668.751 GC heap after
{Heap after GC invocations=52 (full 2):
 garbage-first heap   total 66560K, used 32367K [0x00000000c3600000, 0x0000000100000000)
  region size 1024K, 2 young (2048K), 2 survivors (2048K)
 Metaspace       used 78363K, committed 78912K, reserved 1179648K
  class space    used 10368K, committed 10624K, reserved 1048576K
}
Event: 669.614 GC heap before
{Heap before GC invocations=53 (full 2):
 garbage-first heap   total 70656K, used 51823K [0x00000000c3600000, 0x0000000100000000)
  region size 1024K, 21 young (21504K), 2 survivors (2048K)
 Metaspace       used 78422K, committed 78976K, reserved 1179648K
  class space    used 10368K, committed 10624K, reserved 1048576K
}
Event: 669.631 GC heap after
{Heap after GC invocations=54 (full 2):
 garbage-first heap   total 70656K, used 33798K [0x00000000c3600000, 0x0000000100000000)
  region size 1024K, 2 young (2048K), 2 survivors (2048K)
 Metaspace       used 78422K, committed 78976K, reserved 1179648K
  class space    used 10368K, committed 10624K, reserved 1048576K
}
Event: 671.600 GC heap before
{Heap before GC invocations=54 (full 2):
 garbage-first heap   total 70656K, used 34822K [0x00000000c3600000, 0x0000000100000000)
  region size 1024K, 4 young (4096K), 2 survivors (2048K)
 Metaspace       used 78438K, committed 78976K, reserved 1179648K
  class space    used 10369K, committed 10624K, reserved 1048576K
}
Event: 672.319 GC heap after
{Heap after GC invocations=55 (full 3):
 garbage-first heap   total 70656K, used 26690K [0x00000000c3600000, 0x0000000100000000)
  region size 1024K, 0 young (0K), 0 survivors (0K)
 Metaspace       used 78429K, committed 78976K, reserved 1179648K
  class space    used 10367K, committed 10624K, reserved 1048576K
}
Event: 674.881 GC heap before
{Heap before GC invocations=55 (full 3):
 garbage-first heap   total 70656K, used 53314K [0x00000000c3600000, 0x0000000100000000)
  region size 1024K, 27 young (27648K), 0 survivors (0K)
 Metaspace       used 78551K, committed 79168K, reserved 1179648K
  class space    used 10379K, committed 10688K, reserved 1048576K
}
Event: 674.895 GC heap after
{Heap after GC invocations=56 (full 3):
 garbage-first heap   total 70656K, used 29351K [0x00000000c3600000, 0x0000000100000000)
  region size 1024K, 3 young (3072K), 3 survivors (3072K)
 Metaspace       used 78551K, committed 79168K, reserved 1179648K
  class space    used 10379K, committed 10688K, reserved 1048576K
}
Event: 675.703 GC heap before
{Heap before GC invocations=56 (full 3):
 garbage-first heap   total 70656K, used 53927K [0x00000000c3600000, 0x0000000100000000)
  region size 1024K, 28 young (28672K), 3 survivors (3072K)
 Metaspace       used 78836K, committed 79424K, reserved 1179648K
  class space    used 10388K, committed 10688K, reserved 1048576K
}
Event: 675.719 GC heap after
{Heap after GC invocations=57 (full 3):
 garbage-first heap   total 70656K, used 31014K [0x00000000c3600000, 0x0000000100000000)
  region size 1024K, 2 young (2048K), 2 survivors (2048K)
 Metaspace       used 78836K, committed 79424K, reserved 1179648K
  class space    used 10388K, committed 10688K, reserved 1048576K
}
Event: 676.111 GC heap before
{Heap before GC invocations=57 (full 3):
 garbage-first heap   total 70656K, used 55590K [0x00000000c3600000, 0x0000000100000000)
  region size 1024K, 26 young (26624K), 2 survivors (2048K)
 Metaspace       used 79159K, committed 79744K, reserved 1179648K
  class space    used 10405K, committed 10688K, reserved 1048576K
}
Event: 676.119 GC heap after
{Heap after GC invocations=58 (full 3):
 garbage-first heap   total 84992K, used 33359K [0x00000000c3600000, 0x0000000100000000)
  region size 1024K, 4 young (4096K), 4 survivors (4096K)
 Metaspace       used 79159K, committed 79744K, reserved 1179648K
  class space    used 10405K, committed 10688K, reserved 1048576K
}
Event: 867.497 GC heap before
{Heap before GC invocations=58 (full 3):
 garbage-first heap   total 84992K, used 44623K [0x00000000c3600000, 0x0000000100000000)
  region size 1024K, 16 young (16384K), 4 survivors (4096K)
 Metaspace       used 79196K, committed 79808K, reserved 1179648K
  class space    used 10406K, committed 10688K, reserved 1048576K
}
Event: 874.083 GC heap after
{Heap after GC invocations=59 (full 4):
 garbage-first heap   total 84992K, used 26932K [0x00000000c3600000, 0x0000000100000000)
  region size 1024K, 0 young (0K), 0 survivors (0K)
 Metaspace       used 79187K, committed 79808K, reserved 1179648K
  class space    used 10404K, committed 10688K, reserved 1048576K
}

